0 info it worked if it ends with ok
1 verbose cli [ '/usr/local/bin/node', '/usr/local/bin/npm', 'run', 'develop' ]
2 info using npm@2.11.3
3 info using node@v0.12.7
4 verbose run-script [ 'predevelop', 'develop', 'postdevelop' ]
5 info predevelop canrocks@0.0.0
6 info develop canrocks@0.0.0
7 verbose unsafe-perm in lifecycle true
8 info canrocks@0.0.0 Failed to exec develop script
9 verbose stack Error: canrocks@0.0.0 develop: `npm start & npm run live-reload`
9 verbose stack Exit status 1
9 verbose stack     at EventEmitter.<anonymous> (/usr/local/lib/node_modules/npm/lib/utils/lifecycle.js:213:16)
9 verbose stack     at EventEmitter.emit (events.js:110:17)
9 verbose stack     at ChildProcess.<anonymous> (/usr/local/lib/node_modules/npm/lib/utils/spawn.js:24:14)
9 verbose stack     at ChildProcess.emit (events.js:110:17)
9 verbose stack     at maybeClose (child_process.js:1015:16)
9 verbose stack     at Process.ChildProcess._handle.onexit (child_process.js:1087:5)
10 verbose pkgid canrocks@0.0.0
11 verbose cwd /Users/matthew/Projects/cancomponents
12 error Darwin 14.3.0
13 error argv "/usr/local/bin/node" "/usr/local/bin/npm" "run" "develop"
14 error node v0.12.7
15 error npm  v2.11.3
16 error code ELIFECYCLE
17 error canrocks@0.0.0 develop: `npm start & npm run live-reload`
17 error Exit status 1
18 error Failed at the canrocks@0.0.0 develop script 'npm start & npm run live-reload'.
18 error This is most likely a problem with the canrocks package,
18 error not with npm itself.
18 error Tell the author that this fails on your system:
18 error     npm start & npm run live-reload
18 error You can get their info via:
18 error     npm owner ls canrocks
18 error There is likely additional logging output above.
19 verbose exit [ 1, true ]
